,number,value,datetime_start,datetime_complete,duration,params_batch_size,params_discriminator_dim,params_embedding_dim,params_epochs,params_generator_dim,params_learning_rate,state
0,0,0.2767949999999999,2024-11-27 15:13:43.935934,2024-11-27 15:15:22.771951,0 days 00:01:38.836017,192,"128,256,128",448,1400,"256,256",0.0061199852948038876,COMPLETE
1,1,0.3290029999999998,2024-11-27 15:15:22.772649,2024-11-27 15:15:51.696379,0 days 00:00:28.923730,256,"128,128",192,400,"128,128",8.143798201851597e-05,COMPLETE
2,2,-0.05625100000000005,2024-11-27 15:15:51.697036,2024-11-27 15:17:10.959673,0 days 00:01:19.262637,96,"128,128",448,600,"256,256",0.0026551772636322283,COMPLETE
3,3,0.6477275,2024-11-27 15:17:10.960371,2024-11-27 15:17:57.700517,0 days 00:00:46.740146,224,"128,128",320,1000,"128,128",0.004113014410133503,COMPLETE
4,4,-0.05013599999999996,2024-11-27 15:17:57.701177,2024-11-27 15:19:22.488574,0 days 00:01:24.787397,128,"128,256,128",128,800,"256,256",0.00033464149551852215,COMPLETE
5,5,0.12137850000000006,2024-11-27 15:19:22.489181,2024-11-27 15:20:49.605617,0 days 00:01:27.116436,192,"128,256,128",320,1200,"128,128",0.0008427932244114926,COMPLETE
6,6,0.28809300000000004,2024-11-27 15:20:49.606233,2024-11-27 15:22:10.596268,0 days 00:01:20.990035,192,"128,256,128",256,1000,"128,256,128",0.0006647059743354418,COMPLETE
7,7,0.32063150000000007,2024-11-27 15:22:10.596920,2024-11-27 15:23:49.985037,0 days 00:01:39.388117,192,"128,128",256,1400,"256,256",5.208857050118515e-05,COMPLETE
8,8,-0.3273014999999999,2024-11-27 15:23:49.985479,2024-11-27 15:25:37.271247,0 days 00:01:47.285768,96,"128,256,128",448,800,"128,128",0.0005255546166582258,COMPLETE
9,9,0.22302999999999995,2024-11-27 15:25:37.271838,2024-11-27 15:26:18.987997,0 days 00:00:41.716159,192,"128,128",256,400,"128,256,128",0.0008032781090234151,COMPLETE
10,10,0.6916229999999999,2024-11-27 15:26:18.988609,2024-11-27 15:27:35.753067,0 days 00:01:16.764458,256,"256,256",512,2000,"128,128",1.5091465714085236e-05,COMPLETE
11,11,0.55067,2024-11-27 15:27:35.753780,2024-11-27 15:28:50.636183,0 days 00:01:14.882403,256,"256,256",512,2000,"128,128",1.0264550692221576e-05,COMPLETE
12,12,0.2392120000000001,2024-11-27 15:28:50.636920,2024-11-27 15:30:07.680285,0 days 00:01:17.043365,256,"256,256",384,2000,"128,128",7.775358251899479e-05,COMPLETE
13,13,0.5765104999999999,2024-11-27 15:30:07.680899,2024-11-27 15:31:11.788550,0 days 00:01:04.107651,224,"256,256",320,1600,"128,128",0.009503266164945462,COMPLETE
14,14,0.056284,2024-11-27 15:31:11.789152,2024-11-27 15:32:18.298184,0 days 00:01:06.509032,224,"256,256",512,1800,"128,128",2.4646574173779036e-05,COMPLETE
15,15,-0.11858049999999998,2024-11-27 15:32:18.298848,2024-11-27 15:33:07.536852,0 days 00:00:49.238004,224,"128,128",384,1200,"128,128",0.0018962324284867063,COMPLETE
16,16,0.3082865,2024-11-27 15:33:07.537537,2024-11-27 15:33:36.662633,0 days 00:00:29.125096,160,"256,256",384,200,"128,256,128",0.00018960112445945887,COMPLETE
17,17,0.34355749999999996,2024-11-27 15:33:36.663267,2024-11-27 15:38:02.485496,0 days 00:04:25.822229,64,"128,128",128,1600,"128,128",0.0001614113115323153,COMPLETE
18,18,-0.16572549999999997,2024-11-27 15:38:02.486156,2024-11-27 15:38:49.374447,0 days 00:00:46.888291,256,"256,256",320,1000,"128,128",1.0537360070379469e-05,COMPLETE
19,19,0.29316299999999995,2024-11-27 15:38:49.375119,2024-11-27 15:39:55.426465,0 days 00:01:06.051346,224,"128,128",192,1600,"128,256,128",0.002074364285055574,COMPLETE
20,20,-0.10424299999999986,2024-11-27 15:39:55.427104,2024-11-27 15:40:57.641027,0 days 00:01:02.213923,160,"256,256",512,800,"128,128",3.617620105001949e-05,COMPLETE
21,21,0.354279,2024-11-27 15:40:57.641658,2024-11-27 15:42:06.534168,0 days 00:01:08.892510,224,"256,256",320,1800,"128,128",0.009864756928233225,COMPLETE
22,22,0.2648235,2024-11-27 15:42:06.534893,2024-11-27 15:43:16.601511,0 days 00:01:10.066618,224,"256,256",384,1800,"128,128",0.005409140018915067,COMPLETE
23,23,0.5620580000000001,2024-11-27 15:43:16.602110,2024-11-27 15:44:14.280616,0 days 00:00:57.678506,256,"256,256",256,1400,"128,128",0.004120144406371693,COMPLETE
24,24,0.5537015000000001,2024-11-27 15:44:14.281273,2024-11-27 15:45:30.004088,0 days 00:01:15.722815,224,"256,256",320,2000,"128,128",0.009524802501578545,COMPLETE
25,25,-0.43327150000000003,2024-11-27 15:45:30.004743,2024-11-27 15:46:34.807737,0 days 00:01:04.802994,256,"256,256",192,1600,"128,128",0.001493893158505176,COMPLETE
26,26,0.19376349999999998,2024-11-27 15:46:34.808443,2024-11-27 15:48:35.302929,0 days 00:02:00.494486,160,"128,128",320,1800,"128,128",0.00472261854948907,COMPLETE
27,27,0.6655719999999998,2024-11-27 15:48:35.303566,2024-11-27 15:49:27.713069,0 days 00:00:52.409503,224,"256,256",384,1200,"128,128",0.002720046171601483,COMPLETE
28,28,-0.06059900000000007,2024-11-27 15:49:27.713665,2024-11-27 15:51:02.961998,0 days 00:01:35.248333,128,"256,256",448,1000,"256,256",0.0012841356959808552,COMPLETE
29,29,0.4380005,2024-11-27 15:51:02.962630,2024-11-27 15:52:30.432880,0 days 00:01:27.470250,192,"128,128",448,1200,"128,256,128",0.002687697709220031,COMPLETE
30,30,0.5809635,2024-11-27 15:52:30.433547,2024-11-27 15:53:07.032664,0 days 00:00:36.599117,256,"128,256,128",512,600,"256,256",0.000322362052275797,COMPLETE
31,31,0.793861,2024-11-27 15:53:07.033325,2024-11-27 15:53:42.728554,0 days 00:00:35.695229,256,"128,256,128",512,600,"256,256",0.000193728887388716,COMPLETE
32,32,0.17100950000000004,2024-11-27 15:53:42.729244,2024-11-27 15:54:18.276450,0 days 00:00:35.547206,256,"128,256,128",512,600,"256,256",0.000181722132850731,COMPLETE
33,33,-0.250589,2024-11-27 15:54:18.277046,2024-11-27 15:54:41.869362,0 days 00:00:23.592316,224,"128,256,128",448,200,"256,256",2.2234538920900277e-05,COMPLETE
34,34,-0.046574500000000074,2024-11-27 15:54:41.870002,2024-11-27 15:55:11.289669,0 days 00:00:29.419667,256,"128,256,128",384,400,"256,256",0.0032165537270823176,COMPLETE
35,35,0.22449399999999997,2024-11-27 15:55:11.290313,2024-11-27 15:55:53.076755,0 days 00:00:41.786442,224,"128,256,128",512,800,"256,256",9.595961887940316e-05,COMPLETE
36,36,0.37871999999999995,2024-11-27 15:55:53.077380,2024-11-27 15:56:44.849564,0 days 00:00:51.772184,192,"128,128",448,600,"256,256",0.0004992567659198939,COMPLETE
37,37,0.500635,2024-11-27 15:56:44.850216,2024-11-27 15:57:33.569018,0 days 00:00:48.718802,256,"128,256,128",384,1000,"128,128",0.0011533086775158163,COMPLETE
38,38,0.4985919999999999,2024-11-27 15:57:33.569655,2024-11-27 15:58:13.772779,0 days 00:00:40.203124,192,"128,128",448,400,"128,128",0.00010727486867170347,COMPLETE
39,39,-0.5000275000000001,2024-11-27 15:58:13.773429,2024-11-27 15:59:07.601919,0 days 00:00:53.828490,256,"128,256,128",512,1200,"256,256",1.5139460098542463e-05,COMPLETE
40,40,0.5729105000000001,2024-11-27 15:59:07.602569,2024-11-27 15:59:49.114612,0 days 00:00:41.512043,224,"256,256",256,800,"128,256,128",5.383263196427637e-05,COMPLETE
41,41,0.28091200000000005,2024-11-27 15:59:49.115608,2024-11-27 16:00:23.850408,0 days 00:00:34.734800,256,"128,256,128",512,600,"256,256",0.0003356496212702587,COMPLETE
42,42,0.1712269999999999,2024-11-27 16:00:23.851059,2024-11-27 16:00:59.820551,0 days 00:00:35.969492,256,"128,256,128",448,600,"256,256",0.0002648305011744324,COMPLETE
43,43,-0.5553184999999999,2024-11-27 16:00:59.821221,2024-11-27 16:01:29.154163,0 days 00:00:29.332942,256,"128,256,128",512,400,"256,256",0.00708783040715962,COMPLETE
44,44,0.3469905,2024-11-27 16:01:29.154804,2024-11-27 16:02:29.349921,0 days 00:01:00.195117,224,"128,256,128",512,1400,"256,256",0.0010017897175758482,COMPLETE
45,45,0.5999105,2024-11-27 16:02:29.350522,2024-11-27 16:03:11.214139,0 days 00:00:41.863617,256,"128,256,128",512,800,"256,256",0.0004508992682888108,COMPLETE
46,46,0.5882299999999998,2024-11-27 16:03:11.214783,2024-11-27 16:04:52.241843,0 days 00:01:41.027060,128,"128,128",448,1000,"128,128",0.0006265002278547625,COMPLETE
47,47,-0.1997605,2024-11-27 16:04:52.242445,2024-11-27 16:05:56.075819,0 days 00:01:03.833374,192,"128,256,128",448,800,"128,128",0.0018553883155065479,COMPLETE
48,48,0.582585,2024-11-27 16:05:56.076490,2024-11-27 16:06:55.211704,0 days 00:00:59.135214,224,"256,256",384,1400,"128,128",0.0033086707775915854,COMPLETE
49,49,0.5001404999999999,2024-11-27 16:06:55.212366,2024-11-27 16:07:47.252935,0 days 00:00:52.040569,256,"128,128",256,1200,"256,256",6.292640732602179e-05,COMPLETE
