,number,value,datetime_start,datetime_complete,duration,params_T,params_beta_1,params_beta_T,params_encoder_dim_con,params_encoder_dim_dis,params_lr_con,params_lr_dis,params_total_epochs_both,params_training_batch_size,state
0,0,0.6966465000000001,2024-12-16 17:10:55.962718,2024-12-16 17:16:42.227312,0 days 00:05:46.264594,900,0.00014704356176544029,0.013178418745851581,"256, 512","64, 128",0.000462537880266035,0.00025653228442037133,30000,448,COMPLETE
1,1,0.13983450000000008,2024-12-16 17:16:42.227908,2024-12-16 17:23:58.229785,0 days 00:07:16.001877,1200,0.0003956033045964189,0.08177991374457579,"128, 256","64, 128",0.000139505600425873,8.266046526451772e-05,10000,384,COMPLETE
2,2,0.6858785000000001,2024-12-16 17:23:58.230343,2024-12-16 17:30:39.546200,0 days 00:06:41.315857,700,0.00018093571446117164,0.016691293766706562,"256, 512","64, 128",2.3242600702819242e-05,0.0009675225169271984,30000,320,COMPLETE
3,3,0.16875649999999998,2024-12-16 17:30:39.546769,2024-12-16 17:41:22.639519,0 days 00:10:43.092750,500,0.0007601113999220856,0.032818391436159465,"128, 256","64, 128",0.00022081054512566178,4.1863347996525485e-05,10000,128,COMPLETE
4,4,-0.3254889999999999,2024-12-16 17:41:22.640169,2024-12-16 17:44:59.738388,0 days 00:03:37.098219,700,0.00013966944498735519,0.042932883817232585,"64, 128","64, 128",1.2319303888804903e-05,1.63910574060941e-05,40000,512,COMPLETE
5,5,0.7178545,2024-12-16 17:44:59.739348,2024-12-16 17:52:12.639708,0 days 00:07:12.900360,2000,0.00016822572613333877,0.058750984708293826,"256, 512","128, 256",1.9731624424023953e-05,2.3145759956042722e-05,30000,320,COMPLETE
6,6,0.8420695,2024-12-16 17:52:12.640241,2024-12-16 18:01:52.350976,0 days 00:09:39.710735,1600,0.0007732506399751242,0.0823371359371827,"256, 512","256, 512",1.4158422441996405e-05,2.451063009163011e-05,10000,128,COMPLETE
7,7,0.6542324999999999,2024-12-16 18:01:52.351565,2024-12-16 18:06:57.221619,0 days 00:05:04.870054,1400,0.000158301212097077,0.04570501510700079,"256, 512","128, 256",0.0009913181736953757,6.730243832686938e-05,30000,320,COMPLETE
8,8,1.047863,2024-12-16 18:06:57.222326,2024-12-16 18:19:18.437398,0 days 00:12:21.215072,1700,0.0002592093029045471,0.06867398371417127,"256, 512","64, 128",0.0003745780286932833,2.124425652702445e-05,30000,128,COMPLETE
9,9,0.45667749999999996,2024-12-16 18:19:18.437925,2024-12-16 18:31:10.585833,0 days 00:11:52.147908,1400,0.0003319654568435394,0.027701777380871664,"256, 512","128, 256",0.00020757093297570824,2.8330989106371014e-05,30000,192,COMPLETE
10,10,-0.2608864999999999,2024-12-16 18:31:10.586359,2024-12-16 18:33:03.871827,0 days 00:01:53.285468,2000,0.0004966989972440578,0.02125423627754307,"64, 128","256, 512",6.936981514145163e-05,0.0002198003531208373,20000,832,COMPLETE
11,11,0.5022375000000001,2024-12-16 18:33:03.872507,2024-12-16 18:36:08.556009,0 days 00:03:04.683502,1700,0.0009857490556197189,0.09912606544817232,"256, 512","256, 512",6.0811865745592035e-05,1.0283688658234108e-05,20000,768,COMPLETE
12,12,0.44396499999999994,2024-12-16 18:36:08.556635,2024-12-16 18:40:28.607276,0 days 00:04:20.050641,1700,0.0002439687360770506,0.0672330205168663,"256, 512","256, 512",3.573356729432721e-05,1.1637476448670246e-05,40000,1024,COMPLETE
13,13,0.41598400000000013,2024-12-16 18:40:28.607963,2024-12-16 18:49:52.263746,0 days 00:09:23.655783,1700,0.0005858490472623773,0.05797459965585243,"256, 512","256, 512",0.0004190120378438358,3.99571093810272e-05,20000,128,COMPLETE
14,14,1.213401,2024-12-16 18:49:52.264397,2024-12-16 18:53:47.312897,0 days 00:03:55.048500,1500,0.00030314276747848577,0.09803374480957885,"64, 128","256, 512",0.0009728678991039792,0.00018807771548555674,10000,640,COMPLETE
15,15,1.2106169999999998,2024-12-16 18:53:47.313679,2024-12-16 18:59:20.891302,0 days 00:05:33.577623,1100,0.00025363802287105036,0.09887318621259787,"64, 128","64, 128",0.0009352958124913233,0.00021966486560831937,20000,640,COMPLETE
16,16,0.6657545,2024-12-16 18:59:20.891858,2024-12-16 19:04:10.560214,0 days 00:04:49.668356,1100,0.0001006057713738889,0.09819401930812637,"64, 128","256, 512",0.0009820131802630724,0.00020067853637854716,10000,640,COMPLETE
17,17,0.2951475000000001,2024-12-16 19:04:10.560816,2024-12-16 19:09:03.035393,0 days 00:04:52.474577,1000,0.00022264080785887224,0.04283039196220191,"64, 128","256, 512",0.0005541668549266615,0.000572849212528739,20000,640,COMPLETE
18,18,-0.04239649999999995,2024-12-16 19:09:03.036036,2024-12-16 19:15:02.355454,0 days 00:05:59.319418,1400,0.00039411315811956564,0.030665435514108674,"64, 128","64, 128",0.0007338135319375642,0.00012931920363183465,10000,768,COMPLETE
19,19,-0.39701850000000016,2024-12-16 19:15:02.356067,2024-12-16 19:19:47.413989,0 days 00:04:45.057922,900,0.0002965178727334506,0.05179261956407663,"64, 128","128, 256",0.0002746430214578752,0.00040818735997438864,20000,960,COMPLETE
20,20,0.4730645000000001,2024-12-16 19:19:47.414567,2024-12-16 19:25:38.458198,0 days 00:05:51.043631,1300,0.0002065571709649043,0.010240732087445142,"64, 128","64, 128",0.00013324797688214643,0.00013058528436794698,10000,576,COMPLETE
21,21,1.0045015,2024-12-16 19:25:38.458841,2024-12-16 19:29:48.720706,0 days 00:04:10.261865,1600,0.0002579313776095255,0.07174036142692221,"128, 256","64, 128",0.00036206813797516846,0.00038179238399968756,40000,704,COMPLETE
22,22,0.33198400000000006,2024-12-16 19:29:48.722037,2024-12-16 19:32:40.975083,0 days 00:02:52.253046,1800,0.00031802257109448203,0.08117778454092218,"64, 128","64, 128",0.0006189993305289388,0.00014057792741654226,20000,512,COMPLETE
23,23,1.057855,2024-12-16 19:32:40.975677,2024-12-16 19:37:02.040417,0 days 00:04:21.064740,1500,0.00039232284140570804,0.09716998460671387,"64, 128","64, 128",0.0007731000966264181,7.997327041349166e-05,30000,896,COMPLETE
24,24,0.7386035,2024-12-16 19:37:02.041197,2024-12-16 19:42:48.346653,0 days 00:05:46.305456,1200,0.000440034521195613,0.09900817549213364,"64, 128","64, 128",0.0007362601891800476,6.200046677375149e-05,20000,896,COMPLETE
