,number,value,datetime_start,datetime_complete,duration,params_batch_size,params_lambd,params_latent_dim,params_lr,params_max_beta,params_min_beta,params_num_epochs,params_vae_epochs,params_wd,state
0,0,0.728652,2024-12-04 17:26:05.588888,2024-12-04 17:45:08.541119,0 days 00:19:02.952231,384,0.51027370563581,96,0.0005302778970264992,0.0015924704507507888,2.647783892871258e-05,10000,2500,0.004863292840803839,COMPLETE
1,1,1.0938505,2024-12-04 17:45:08.542056,2024-12-04 17:56:04.305587,0 days 00:10:55.763531,192,0.9438980719077426,128,0.003747579553224007,0.03948831318678643,0.0006479596741653773,8000,1000,1.199940787536084e-08,COMPLETE
2,2,1.0240070000000001,2024-12-04 17:56:04.306441,2024-12-04 18:05:42.690949,0 days 00:09:38.384508,192,0.8057900885064335,96,0.001485397041291688,0.07524962885690488,4.071680933070335e-05,8000,1500,2.300397883986256e-10,COMPLETE
3,3,0.7825955,2024-12-04 18:05:42.691812,2024-12-04 18:12:22.265889,0 days 00:06:39.574077,512,0.8095223904908073,32,0.0012028476152768032,0.014907435549910286,0.0003268886090014343,12000,2000,3.8489714281390147e-10,COMPLETE
4,4,0.8958729999999999,2024-12-04 18:12:22.266403,2024-12-04 18:24:54.668499,0 days 00:12:32.402096,192,0.22050728087340865,128,0.004517899218677135,0.04988468078565412,0.00021398497932065825,12000,500,7.771924796299417e-09,COMPLETE
5,5,0.9796590000000001,2024-12-04 18:24:54.668993,2024-12-04 18:39:43.471879,0 days 00:14:48.802886,192,0.9554832133861872,96,0.0001382539455543019,0.028658015246087052,0.0001877664618217505,2000,500,1.1472820358468562e-08,COMPLETE
6,6,0.5301214999999999,2024-12-04 18:39:43.472884,2024-12-04 18:45:44.551844,0 days 00:06:01.078960,256,0.488700795604966,32,0.0038751691716770766,0.003281754069765402,0.0007599937002381707,12000,2000,4.89644161658514e-07,COMPLETE
7,7,0.9884364999999999,2024-12-04 18:45:44.552709,2024-12-04 18:54:36.352241,0 days 00:08:51.799532,384,0.7933212932734095,32,0.0005578984940889289,0.005750273241182314,0.00014919466033361226,10000,2000,1.3716915323024964e-08,COMPLETE
8,8,1.119129,2024-12-04 18:54:36.353092,2024-12-04 19:04:23.233968,0 days 00:09:46.880876,128,0.6960213310155342,128,0.006128133766671607,0.03410406071037736,0.00016601576830875767,2000,3000,0.0008932254193356088,COMPLETE
9,9,0.767871,2024-12-04 19:04:23.234970,2024-12-04 19:14:47.993798,0 days 00:10:24.758828,384,0.6526448397616103,64,0.0007247207703205967,0.0017643180309386852,0.00013177399066343444,8000,500,6.33474651183942e-08,COMPLETE
10,10,0.7367025,2024-12-04 19:14:47.995457,2024-12-04 19:29:23.930455,0 days 00:14:35.934998,64,0.3130654107956221,128,0.008951371474790457,0.013240627597580285,1.1150067610304347e-05,2000,3000,0.0007050270418895113,COMPLETE
11,11,0.9165789999999998,2024-12-04 19:29:23.931182,2024-12-04 19:44:51.203403,0 days 00:15:27.272221,64,0.9600882255408686,128,0.009940090272021416,0.028490063185055425,0.0008019720325767772,4000,1000,6.42215526860829e-05,COMPLETE
12,12,1.1167170000000002,2024-12-04 19:44:51.204053,2024-12-04 19:57:13.249642,0 days 00:12:22.045589,128,0.6418419316250921,128,0.0030160304244131906,0.09775983831104144,0.0004341314443846549,6000,3000,2.0352547227297335e-05,COMPLETE
13,13,0.8348255,2024-12-04 19:57:13.250770,2024-12-04 20:03:37.217487,0 days 00:06:23.966717,64,0.6451997244182789,64,0.0024180787254665425,0.08985094626560698,5.7650487644663445e-05,4000,3000,2.3559958552203306e-05,COMPLETE
14,14,0.852333,2024-12-04 20:03:37.218248,2024-12-04 20:12:02.010674,0 days 00:08:24.792426,128,0.5261642126834147,96,0.00673453309313308,0.09405386052909993,0.0003635497028756415,4000,2500,1.599755366347708e-05,COMPLETE
15,15,0.9674495000000001,2024-12-04 20:12:02.011194,2024-12-04 20:22:04.056104,0 days 00:10:02.044910,128,0.7116842465344394,128,0.002028917113542117,0.022180076642806912,7.110383900868006e-05,6000,3000,0.0003341677032722297,COMPLETE
16,16,1.1378865,2024-12-04 20:22:04.056879,2024-12-04 20:35:00.083633,0 days 00:12:56.026754,320,0.35920787492401396,128,0.00013924766878401526,0.05303051270713357,0.00035782372009032884,6000,2500,2.6667200660817674e-06,COMPLETE
17,17,1.0190055,2024-12-04 20:35:00.084142,2024-12-04 20:42:14.610458,0 days 00:07:14.526316,320,0.42608324032998607,64,0.00011882742703668027,0.007526403411219864,8.479524168741741e-05,2000,2500,1.4528778101843358e-06,COMPLETE
18,18,1.0247985000000002,2024-12-04 20:42:14.611122,2024-12-04 20:52:58.894426,0 days 00:10:44.283304,320,0.3976593267069032,96,0.0002694516976649567,0.052900811408183555,0.000276252626552778,6000,2500,0.00943839508649415,COMPLETE
19,19,-0.015905000000000002,2024-12-04 20:52:58.895523,2024-12-04 20:59:39.986324,0 days 00:06:41.090801,512,0.2634898402495223,128,0.00028996511163666307,0.01622702283361798,0.0005363292386310936,4000,2500,1.525262997018952e-06,COMPLETE
20,20,-1.7503935,2024-12-04 20:59:39.987312,2024-12-04 21:05:09.785733,0 days 00:05:29.798421,448,0.39098922961249927,96,0.00023294988796622676,0.03706351989472433,0.00012007849355122797,2000,1500,0.0005933527138739876,COMPLETE
21,21,0.9298455,2024-12-04 21:05:09.786483,2024-12-04 21:09:23.105385,0 days 00:04:13.318902,256,0.5707109962500622,128,0.006010083913405668,0.05849887898548845,0.0004232720922003091,6000,3000,7.323518595003945e-06,COMPLETE
22,22,0.8922780000000001,2024-12-04 21:09:23.106183,2024-12-04 21:19:17.272908,0 days 00:09:54.166725,128,0.71086885234472,128,0.0026079455470320464,0.07017547918088651,0.0002474706395271466,6000,3000,8.196214863486154e-05,COMPLETE
23,23,1.054407,2024-12-04 21:19:17.273923,2024-12-04 21:25:17.802729,0 days 00:06:00.528806,256,0.5946512226933407,128,0.0009754491661584028,0.038265194194357775,0.000479747727054607,4000,3000,3.284158993795641e-07,COMPLETE
24,24,1.136217,2024-12-04 21:25:17.806147,2024-12-04 21:32:51.246875,0 days 00:07:33.440728,128,0.7327564454683462,128,0.0030774563206386754,0.09757314363210963,0.0009244768376962128,10000,2500,5.620062430232021e-06,COMPLETE
